0 info it worked if it ends with ok
1 verbose cli [ '/usr/local/Cellar/node/6.3.1/bin/node',
1 verbose cli   '/usr/local/bin/npm',
1 verbose cli   'run',
1 verbose cli   'build' ]
2 info using npm@3.10.3
3 info using node@v6.3.1
4 verbose run-script [ 'prebuild', 'build', 'postbuild' ]
5 info lifecycle aniyou@0.0.1~prebuild: aniyou@0.0.1
6 silly lifecycle aniyou@0.0.1~prebuild: no script for prebuild, continuing
7 info lifecycle aniyou@0.0.1~build: aniyou@0.0.1
8 verbose lifecycle aniyou@0.0.1~build: unsafe-perm in lifecycle true
9 verbose lifecycle aniyou@0.0.1~build: PATH: /usr/local/lib/node_modules/npm/bin/node-gyp-bin:/Users/admi/Sites/aniyou/node_modules/.bin:/usr/local/Cellar/node/6.3.1/bin:/Users/admi/.themekit:/usr/local/var/rbenv/shims:/usr/local/bin:/usr/local/j:/usr/local/bin/mysql/bin:/usr/local/sbin:/usr/local:/bin:/usr/bin:/usr/local/bin:/usr/local/bin:/usr/bin:/bin:/usr/sbin:/sbin
10 verbose lifecycle aniyou@0.0.1~build: CWD: /Users/admi/Sites/aniyou
11 silly lifecycle aniyou@0.0.1~build: Args: [ '-c',
11 silly lifecycle   'mustache dataView.json myTemplate.mustache > public/output.html' ]
12 silly lifecycle aniyou@0.0.1~build: Returned: code: 1  signal: null
13 info lifecycle aniyou@0.0.1~build: Failed to exec build script
14 verbose stack Error: aniyou@0.0.1 build: `mustache dataView.json myTemplate.mustache > public/output.html`
14 verbose stack Exit status 1
14 verbose stack     at EventEmitter.<anonymous> (/usr/local/lib/node_modules/npm/lib/utils/lifecycle.js:242:16)
14 verbose stack     at emitTwo (events.js:106:13)
14 verbose stack     at EventEmitter.emit (events.js:191:7)
14 verbose stack     at ChildProcess.<anonymous> (/usr/local/lib/node_modules/npm/lib/utils/spawn.js:40:14)
14 verbose stack     at emitTwo (events.js:106:13)
14 verbose stack     at ChildProcess.emit (events.js:191:7)
14 verbose stack     at maybeClose (internal/child_process.js:852:16)
14 verbose stack     at Process.ChildProcess._handle.onexit (internal/child_process.js:215:5)
15 verbose pkgid aniyou@0.0.1
16 verbose cwd /Users/admi/Sites/aniyou
17 error Darwin 15.6.0
18 error argv "/usr/local/Cellar/node/6.3.1/bin/node" "/usr/local/bin/npm" "run" "build"
19 error node v6.3.1
20 error npm  v3.10.3
21 error code ELIFECYCLE
22 error aniyou@0.0.1 build: `mustache dataView.json myTemplate.mustache > public/output.html`
22 error Exit status 1
23 error Failed at the aniyou@0.0.1 build script 'mustache dataView.json myTemplate.mustache > public/output.html'.
23 error Make sure you have the latest version of node.js and npm installed.
23 error If you do, this is most likely a problem with the aniyou package,
23 error not with npm itself.
23 error Tell the author that this fails on your system:
23 error     mustache dataView.json myTemplate.mustache > public/output.html
23 error You can get information on how to open an issue for this project with:
23 error     npm bugs aniyou
23 error Or if that isn't available, you can get their info via:
23 error     npm owner ls aniyou
23 error There is likely additional logging output above.
24 verbose exit [ 1, true ]
